\BOOKMARK [0][-]{chapter.1}{Introduction}{}% 1
\BOOKMARK [1][-]{section.1.1}{Context}{chapter.1}% 2
\BOOKMARK [1][-]{section.1.2}{Scientific Problem Definition and Proposal}{chapter.1}% 3
\BOOKMARK [1][-]{section.1.3}{Objectives}{chapter.1}% 4
\BOOKMARK [2][-]{subsection.1.3.1}{General Objective}{section.1.3}% 5
\BOOKMARK [2][-]{subsection.1.3.2}{Specific Objective}{section.1.3}% 6
\BOOKMARK [0][-]{chapter.2}{Theory Foundation and State-of-Art}{}% 7
\BOOKMARK [1][-]{section.2.1}{Magnetic Resonance Imagery}{chapter.2}% 8
\BOOKMARK [2][-]{subsection.2.1.1}{K-space}{section.2.1}% 9
\BOOKMARK [2][-]{subsection.2.1.2}{Sampling}{section.2.1}% 10
\BOOKMARK [1][-]{section.2.2}{Compressed Sensing}{chapter.2}% 11
\BOOKMARK [1][-]{section.2.3}{Artificial Neural Networks}{chapter.2}% 12
\BOOKMARK [2][-]{subsection.2.3.1}{Biological Inspirations}{section.2.3}% 13
\BOOKMARK [2][-]{subsection.2.3.2}{Multilayer Perceptron}{section.2.3}% 14
\BOOKMARK [2][-]{subsection.2.3.3}{Activation Functions}{section.2.3}% 15
\BOOKMARK [2][-]{subsection.2.3.4}{Loss Functions}{section.2.3}% 16
\BOOKMARK [2][-]{subsection.2.3.5}{Backpropagation}{section.2.3}% 17
\BOOKMARK [2][-]{subsection.2.3.6}{Gradient Descent}{section.2.3}% 18
\BOOKMARK [1][-]{section.2.4}{Generative Adversarial Networks}{chapter.2}% 19
\BOOKMARK [2][-]{subsection.2.4.1}{MRI Application}{section.2.4}% 20
\BOOKMARK [0][-]{chapter.3}{Methodology}{}% 21
\BOOKMARK [1][-]{section.3.1}{1-D Direct vs Indirect L1-Minimization}{chapter.3}% 22
\BOOKMARK [1][-]{section.3.2}{Phantom Compressed Sensing Reconstruction with Pre Filtered Signal}{chapter.3}% 23
\BOOKMARK [2][-]{subsection.3.2.1}{Subsampling}{section.3.2}% 24
\BOOKMARK [2][-]{subsection.3.2.2}{Pre-filtering sparsifying transform}{section.3.2}% 25
\BOOKMARK [1][-]{section.3.3}{Preliminary Tests with Generative Adversarial Networks}{chapter.3}% 26
\BOOKMARK [2][-]{subsection.3.3.1}{Data Transformation}{section.3.3}% 27
\BOOKMARK [2][-]{subsection.3.3.2}{Generator Network Architecture}{section.3.3}% 28
\BOOKMARK [2][-]{subsection.3.3.3}{Discriminator Network Architecture}{section.3.3}% 29
\BOOKMARK [0][-]{chapter.4}{Preliminary Results}{}% 30
\BOOKMARK [1][-]{section.4.1}{1-D Compressed Sensing Reconstruction}{chapter.4}% 31
\BOOKMARK [1][-]{section.4.2}{Compressed Sensing Reconstruction with Pre Filtered Signal}{chapter.4}% 32
\BOOKMARK [2][-]{subsection.4.2.1}{Brain Sagittal Reconstruction}{section.4.2}% 33
\BOOKMARK [2][-]{subsection.4.2.2}{Knee Singlecoil Reconstruction}{section.4.2}% 34
\BOOKMARK [1][-]{section.4.3}{Preliminary Tests with Generative Adversarial Networks}{chapter.4}% 35
\BOOKMARK [0][-]{chapter.5}{Conclusion}{}% 36
